<?xml version="1.0" encoding="UTF-8"?>
<!-- Generated by org.testng.reporters.JUnitReportReporter -->
<testsuite hostname="DESKTOP-A7VU7K5" failures="0" tests="3" name="CucumberOptions.TestRunner" time="16.258" errors="0" timestamp="2024-03-21T12:14:31 IST" skipped="0">
  <testcase classname="CucumberOptions.TestRunner" name="runScenario" time="2.820"/>
  <testcase classname="CucumberOptions.TestRunner" name="runScenario" time="11.047"/>
  <testcase classname="CucumberOptions.TestRunner" name="runScenario" time="2.391"/>
</testsuite> <!-- CucumberOptions.TestRunner -->
